<?xml version="1.0" encoding="UTF-8"?>
<testng-results ignored="2" total="16" passed="12" failed="2" skipped="0">
  <reporter-output>
  </reporter-output>
  <suite started-at="2022-05-10T19:58:56 IST" name="Suite" finished-at="2022-05-10T20:00:01 IST" duration-ms="64816">
    <groups>
    </groups>
    <test started-at="2022-05-10T19:58:56 IST" name="Test" finished-at="2022-05-10T20:00:01 IST" duration-ms="64816">
      <class name="com.phptravels.scriptsSG2.TestClassLoginSG2">
        <test-method is-config="true" signature="onSetup()[pri:0, instance:com.phptravels.scriptsSG2.TestClassLoginSG2@61001b64]" started-at="2022-05-10T19:58:56 IST" name="onSetup" finished-at="2022-05-10T19:59:07 IST" duration-ms="11613" status="PASS">
          <reporter-output>
          </reporter-output>
        </test-method> <!-- onSetup -->
        <test-method signature="verifyIeVp()[pri:1, instance:com.phptravels.scriptsSG2.TestClassLoginSG2@61001b64]" started-at="2022-05-10T19:59:08 IST" name="verifyIeVp" finished-at="2022-05-10T19:59:16 IST" duration-ms="8792" status="PASS">
          <reporter-output>
          </reporter-output>
        </test-method> <!-- verifyIeVp -->
        <test-method signature="verifyVeIp()[pri:2, instance:com.phptravels.scriptsSG2.TestClassLoginSG2@61001b64]" started-at="2022-05-10T19:59:18 IST" name="verifyVeIp" finished-at="2022-05-10T19:59:20 IST" duration-ms="2482" status="PASS">
          <reporter-output>
          </reporter-output>
        </test-method> <!-- verifyVeIp -->
        <test-method signature="verifyIeIp()[pri:3, instance:com.phptravels.scriptsSG2.TestClassLoginSG2@61001b64]" started-at="2022-05-10T19:59:20 IST" name="verifyIeIp" finished-at="2022-05-10T19:59:22 IST" duration-ms="2352" status="PASS">
          <reporter-output>
          </reporter-output>
        </test-method> <!-- verifyIeIp -->
        <test-method signature="verifyNeNp()[pri:4, instance:com.phptravels.scriptsSG2.TestClassLoginSG2@61001b64]" started-at="2022-05-10T19:59:22 IST" name="verifyNeNp" finished-at="2022-05-10T19:59:23 IST" duration-ms="818" status="PASS">
          <reporter-output>
          </reporter-output>
        </test-method> <!-- verifyNeNp -->
        <test-method signature="verifyVeVp()[pri:5, instance:com.phptravels.scriptsSG2.TestClassLoginSG2@61001b64]" started-at="2022-05-10T19:59:23 IST" name="verifyVeVp" finished-at="2022-05-10T19:59:26 IST" duration-ms="2551" status="FAIL">
          <exception class="java.lang.AssertionError">
            <message>
              <![CDATA[expected [Login - PHPTRAVELS] but found [Dashboard - PHPTRAVELS]]]>
            </message>
            <full-stacktrace>
              <![CDATA[java.lang.AssertionError: expected [Login - PHPTRAVELS] but found [Dashboard - PHPTRAVELS]
at org.testng.Assert.fail(Assert.java:99)
at org.testng.Assert.failNotEquals(Assert.java:1037)
at org.testng.Assert.assertEqualsImpl(Assert.java:140)
at org.testng.Assert.assertEquals(Assert.java:122)
at org.testng.Assert.assertEquals(Assert.java:629)
at org.testng.Assert.assertEquals(Assert.java:639)
at com.phptravels.scriptsSG2.TestClassLoginSG2.verifyVeVp(TestClassLoginSG2.java:98)
at java.base/jdk.internal.reflect.NativeMethodAccessorImpl.invoke0(Native Method)
at java.base/jdk.internal.reflect.NativeMethodAccessorImpl.invoke(NativeMethodAccessorImpl.java:62)
at java.base/jdk.internal.reflect.DelegatingMethodAccessorImpl.invoke(DelegatingMethodAccessorImpl.java:43)
at java.base/java.lang.reflect.Method.invoke(Method.java:566)
at org.testng.internal.MethodInvocationHelper.invokeMethod(MethodInvocationHelper.java:133)
at org.testng.internal.TestInvoker.invokeMethod(TestInvoker.java:598)
at org.testng.internal.TestInvoker.invokeTestMethod(TestInvoker.java:173)
at org.testng.internal.MethodRunner.runInSequence(MethodRunner.java:46)
at org.testng.internal.TestInvoker$MethodInvocationAgent.invoke(TestInvoker.java:824)
at org.testng.internal.TestInvoker.invokeTestMethods(TestInvoker.java:146)
at org.testng.internal.TestMethodWorker.invokeTestMethods(TestMethodWorker.java:146)
at org.testng.internal.TestMethodWorker.run(TestMethodWorker.java:128)
at java.base/java.util.ArrayList.forEach(ArrayList.java:1541)
at org.testng.TestRunner.privateRun(TestRunner.java:794)
at org.testng.TestRunner.run(TestRunner.java:596)
at org.testng.SuiteRunner.runTest(SuiteRunner.java:377)
at org.testng.SuiteRunner.runSequentially(SuiteRunner.java:371)
at org.testng.SuiteRunner.privateRun(SuiteRunner.java:332)
at org.testng.SuiteRunner.run(SuiteRunner.java:276)
at org.testng.SuiteRunnerWorker.runSuite(SuiteRunnerWorker.java:53)
at org.testng.SuiteRunnerWorker.run(SuiteRunnerWorker.java:96)
at org.testng.TestNG.runSuitesSequentially(TestNG.java:1212)
at org.testng.TestNG.runSuitesLocally(TestNG.java:1134)
at org.testng.TestNG.runSuites(TestNG.java:1063)
at org.testng.TestNG.run(TestNG.java:1031)
at org.testng.remote.AbstractRemoteTestNG.run(AbstractRemoteTestNG.java:115)
at org.testng.remote.RemoteTestNG.initAndRun(RemoteTestNG.java:251)
at org.testng.remote.RemoteTestNG.main(RemoteTestNG.java:77)
]]>
            </full-stacktrace>
          </exception> <!-- java.lang.AssertionError -->
          <reporter-output>
          </reporter-output>
        </test-method> <!-- verifyVeVp -->
        <test-method is-config="true" signature="quitBrowser()[pri:0, instance:com.phptravels.scriptsSG2.TestClassLoginSG2@61001b64]" started-at="2022-05-10T19:59:58 IST" name="quitBrowser" finished-at="2022-05-10T20:00:01 IST" duration-ms="2681" status="PASS">
          <reporter-output>
          </reporter-output>
        </test-method> <!-- quitBrowser -->
      </class> <!-- com.phptravels.scriptsSG2.TestClassLoginSG2 -->
      <class name="com.phptravels.scriptsSG2.TestClassLandingSG2">
        <test-method signature="verifyHome()[pri:6, instance:com.phptravels.scriptsSG2.TestClassLandingSG2@4659191b]" started-at="2022-05-10T19:59:26 IST" name="verifyHome" finished-at="2022-05-10T19:59:29 IST" duration-ms="2855" status="PASS">
          <reporter-output>
          </reporter-output>
        </test-method> <!-- verifyHome -->
        <test-method signature="verifyHotelSearch()[pri:7, instance:com.phptravels.scriptsSG2.TestClassLandingSG2@4659191b]" started-at="2022-05-10T19:59:29 IST" name="verifyHotelSearch" finished-at="2022-05-10T19:59:39 IST" duration-ms="9950" status="PASS">
          <reporter-output>
          </reporter-output>
        </test-method> <!-- verifyHotelSearch -->
        <test-method signature="verifyFlights()[pri:8, instance:com.phptravels.scriptsSG2.TestClassLandingSG2@4659191b]" started-at="2022-05-10T19:59:39 IST" name="verifyFlights" finished-at="2022-05-10T19:59:40 IST" duration-ms="1132" status="PASS">
          <reporter-output>
          </reporter-output>
        </test-method> <!-- verifyFlights -->
        <test-method signature="verifyTours()[pri:9, instance:com.phptravels.scriptsSG2.TestClassLandingSG2@4659191b]" started-at="2022-05-10T19:59:40 IST" name="verifyTours" finished-at="2022-05-10T19:59:41 IST" duration-ms="1053" status="PASS">
          <reporter-output>
          </reporter-output>
        </test-method> <!-- verifyTours -->
        <test-method signature="verifyVisa()[pri:10, instance:com.phptravels.scriptsSG2.TestClassLandingSG2@4659191b]" started-at="2022-05-10T19:59:41 IST" name="verifyVisa" finished-at="2022-05-10T19:59:42 IST" duration-ms="1081" status="PASS">
          <reporter-output>
          </reporter-output>
        </test-method> <!-- verifyVisa -->
        <test-method signature="verifyBlogs()[pri:11, instance:com.phptravels.scriptsSG2.TestClassLandingSG2@4659191b]" started-at="2022-05-10T19:59:42 IST" name="verifyBlogs" finished-at="2022-05-10T19:59:44 IST" duration-ms="2092" status="PASS">
          <reporter-output>
          </reporter-output>
        </test-method> <!-- verifyBlogs -->
        <test-method signature="verifyOffers()[pri:12, instance:com.phptravels.scriptsSG2.TestClassLandingSG2@4659191b]" started-at="2022-05-10T19:59:44 IST" name="verifyOffers" finished-at="2022-05-10T19:59:46 IST" duration-ms="2183" status="PASS">
          <reporter-output>
          </reporter-output>
        </test-method> <!-- verifyOffers -->
        <test-method signature="verifyCurrencyUpdate()[pri:13, instance:com.phptravels.scriptsSG2.TestClassLandingSG2@4659191b]" started-at="2022-05-10T19:59:46 IST" name="verifyCurrencyUpdate" finished-at="2022-05-10T19:59:49 IST" duration-ms="2927" status="PASS">
          <reporter-output>
          </reporter-output>
        </test-method> <!-- verifyCurrencyUpdate -->
        <test-method signature="verifylinks()[pri:14, instance:com.phptravels.scriptsSG2.TestClassLandingSG2@4659191b]" started-at="2022-05-10T19:59:49 IST" name="verifylinks" finished-at="2022-05-10T19:59:58 IST" duration-ms="8869" status="FAIL">
          <exception class="org.openqa.selenium.NoSuchElementException">
            <message>
              <![CDATA[Cannot locate an element using xpath=//div[1]/div/div[3]/ul/li[2]/a
For documentation on this error, please visit: https://www.seleniumhq.org/exceptions/no_such_element.html
Build info: version: '3.141.59', revision: 'e82be7d358', time: '2018-11-14T08:17:03'
System info: host: 'DESKTOP-729RCR4', ip: '192.168.1.4', os.name: 'Windows 10', os.arch: 'amd64', os.version: '10.0', java.version: '11.0.14'
Driver info: driver.version: RemoteWebDriver]]>
            </message>
            <full-stacktrace>
              <![CDATA[org.openqa.selenium.NoSuchElementException: Cannot locate an element using xpath=//div[1]/div/div[3]/ul/li[2]/a
For documentation on this error, please visit: https://www.seleniumhq.org/exceptions/no_such_element.html
Build info: version: '3.141.59', revision: 'e82be7d358', time: '2018-11-14T08:17:03'
System info: host: 'DESKTOP-729RCR4', ip: '192.168.1.4', os.name: 'Windows 10', os.arch: 'amd64', os.version: '10.0', java.version: '11.0.14'
Driver info: driver.version: RemoteWebDriver
at org.openqa.selenium.remote.RemoteWebDriver.findElement(RemoteWebDriver.java:327)
at org.openqa.selenium.remote.RemoteWebDriver.findElementByXPath(RemoteWebDriver.java:428)
at org.openqa.selenium.By$ByXPath.findElement(By.java:353)
at org.openqa.selenium.remote.RemoteWebDriver.findElement(RemoteWebDriver.java:315)
at org.openqa.selenium.support.pagefactory.DefaultElementLocator.findElement(DefaultElementLocator.java:69)
at org.openqa.selenium.support.pagefactory.internal.LocatingElementHandler.invoke(LocatingElementHandler.java:38)
at com.sun.proxy.$Proxy14.click(Unknown Source)
at com.phptravelspages.stage2.LandingPageSG2.clickMyBookings(LandingPageSG2.java:92)
at com.phptravels.scriptsSG2.TestClassLandingSG2.verifylinks(TestClassLandingSG2.java:106)
at java.base/jdk.internal.reflect.NativeMethodAccessorImpl.invoke0(Native Method)
at java.base/jdk.internal.reflect.NativeMethodAccessorImpl.invoke(NativeMethodAccessorImpl.java:62)
at java.base/jdk.internal.reflect.DelegatingMethodAccessorImpl.invoke(DelegatingMethodAccessorImpl.java:43)
at java.base/java.lang.reflect.Method.invoke(Method.java:566)
at org.testng.internal.MethodInvocationHelper.invokeMethod(MethodInvocationHelper.java:133)
at org.testng.internal.TestInvoker.invokeMethod(TestInvoker.java:598)
at org.testng.internal.TestInvoker.invokeTestMethod(TestInvoker.java:173)
at org.testng.internal.MethodRunner.runInSequence(MethodRunner.java:46)
at org.testng.internal.TestInvoker$MethodInvocationAgent.invoke(TestInvoker.java:824)
at org.testng.internal.TestInvoker.invokeTestMethods(TestInvoker.java:146)
at org.testng.internal.TestMethodWorker.invokeTestMethods(TestMethodWorker.java:146)
at org.testng.internal.TestMethodWorker.run(TestMethodWorker.java:128)
at java.base/java.util.ArrayList.forEach(ArrayList.java:1541)
at org.testng.TestRunner.privateRun(TestRunner.java:794)
at org.testng.TestRunner.run(TestRunner.java:596)
at org.testng.SuiteRunner.runTest(SuiteRunner.java:377)
at org.testng.SuiteRunner.runSequentially(SuiteRunner.java:371)
at org.testng.SuiteRunner.privateRun(SuiteRunner.java:332)
at org.testng.SuiteRunner.run(SuiteRunner.java:276)
at org.testng.SuiteRunnerWorker.runSuite(SuiteRunnerWorker.java:53)
at org.testng.SuiteRunnerWorker.run(SuiteRunnerWorker.java:96)
at org.testng.TestNG.runSuitesSequentially(TestNG.java:1212)
at org.testng.TestNG.runSuitesLocally(TestNG.java:1134)
at org.testng.TestNG.runSuites(TestNG.java:1063)
at org.testng.TestNG.run(TestNG.java:1031)
at org.testng.remote.AbstractRemoteTestNG.run(AbstractRemoteTestNG.java:115)
at org.testng.remote.RemoteTestNG.initAndRun(RemoteTestNG.java:251)
at org.testng.remote.RemoteTestNG.main(RemoteTestNG.java:77)
]]>
            </full-stacktrace>
          </exception> <!-- org.openqa.selenium.NoSuchElementException -->
          <reporter-output>
          </reporter-output>
        </test-method> <!-- verifylinks -->
      </class> <!-- com.phptravels.scriptsSG2.TestClassLandingSG2 -->
    </test> <!-- Test -->
  </suite> <!-- Suite -->
</testng-results>
